<?xml version="1.0" encoding="UTF-8"?>
<!-- Generated by org.testng.reporters.JUnitReportReporter -->
<testsuite hostname="LAPTOP-BGJ2SVDD" failures="0" tests="2" name="PageTestCases.HomepageNavigation" time="23.825" errors="0" timestamp="2020-07-10T12:53:10 IST" skipped="0">
  <testcase classname="PageTestCases.HomepageNavigation" name="openHomepage" time="11.299"/>
  <system-out/>
  <testcase classname="PageTestCases.HomepageNavigation" name="search" time="12.526"/>
  <system-out/>
</testsuite> <!-- PageTestCases.HomepageNavigation -->
