<?xml version="1.0" encoding="UTF-8"?>
<!-- Generated by org.testng.reporters.JUnitReportReporter -->
<testsuite hostname="LAPTOP-BGJ2SVDD" failures="0" tests="5" name="PageTestCases.BooksTestCases" time="20.077" errors="0" timestamp="2020-07-13T18:22:37 IST" skipped="0">
  <testcase classname="PageTestCases.BooksTestCases" name="selectTextbooks" time="7.025"/>
  <system-out/>
  <testcase classname="PageTestCases.BooksTestCases" name="verifyCreateButtonText" time="0.914"/>
  <system-out/>
  <testcase classname="PageTestCases.BooksTestCases" name="verifyNavigationbar" time="2.582"/>
  <system-out/>
  <testcase classname="PageTestCases.BooksTestCases" name="login" time="5.982"/>
  <system-out/>
  <testcase classname="PageTestCases.BooksTestCases" name="login" time="3.574"/>
  <system-out/>
</testsuite> <!-- PageTestCases.BooksTestCases -->
