<?xml version="1.0" encoding="UTF-8"?>
<!-- Generated by org.testng.reporters.JUnitReportReporter -->
<testsuite hostname="LAPTOP-BGJ2SVDD" failures="0" tests="2" name="PageTestCases.HomepageNavigation" time="6.445" errors="0" timestamp="2020-07-13T18:22:37 IST" skipped="0">
  <testcase classname="PageTestCases.HomepageNavigation" name="openHomepage" time="3.137"/>
  <system-out/>
  <testcase classname="PageTestCases.HomepageNavigation" name="search" time="3.308"/>
  <system-out/>
</testsuite> <!-- PageTestCases.HomepageNavigation -->
